MyView0NetworkManager: http://localhost:3000/: Started at: 137086322
MyView1NetworkManager: http://localhost:3000/: Started at: 150318143
MyView2NetworkManager: http://localhost:3000/: Started at: 151515329
MyView3NetworkManager: http://localhost:3000/: Started at: 152648058
MyView4NetworkManager: http://localhost:3000/: Started at: 153792743
MyView5NetworkManager: http://localhost:3000/: Started at: 155054654
MyView6NetworkManager: http://localhost:3000/: Started at: 156368944
MyView7NetworkManager: http://localhost:3000/: Started at: 157565370
MyView8NetworkManager: http://localhost:3000/: Started at: 158777242
MyView9NetworkManager: http://localhost:3000/: Started at: 160003021
MyView10NetworkManager: http://localhost:3000/: Started at: 160818290
MyView11NetworkManager: http://localhost:3000/: Started at: 161830277
MyView12NetworkManager: http://localhost:3000/: Started at: 163147114
MyView13NetworkManager: http://localhost:3000/: Started at: 164343844
MyView14NetworkManager: http://localhost:3000/: Started at: 165257577
MyView15NetworkManager: http://localhost:3000/: Started at: 166187616
MyView16NetworkManager: http://localhost:3000/: Started at: 167413796
MyView17NetworkManager: http://localhost:3000/: Started at: 168284242
MyView18NetworkManager: http://localhost:3000/: Started at: 169307354
MyView19NetworkManager: http://localhost:3000/: Started at: 170587635
MyView20NetworkManager: http://localhost:3000/: Started at: 172051229
MyView21NetworkManager: http://localhost:3000/: Started at: 173127210
MyView22NetworkManager: http://localhost:3000/: Started at: 174133207
MyView23NetworkManager: http://localhost:3000/: Started at: 175090522
MyView24NetworkManager: http://localhost:3000/: Started at: 176376629
MyView25NetworkManager: http://localhost:3000/: Started at: 177228057
MyView26NetworkManager: http://localhost:3000/: Started at: 178251709
MyView27NetworkManager: http://localhost:3000/: Started at: 179146344
MyView28NetworkManager: http://localhost:3000/: Started at: 179979685
MyView29NetworkManager: http://localhost:3000/: Started at: 181338826
MyView30NetworkManager: http://localhost:3000/: Started at: 182684028
MyView31NetworkManager: http://localhost:3000/: Started at: 184054307
MyView32NetworkManager: http://localhost:3000/: Started at: 185434639
MyView33NetworkManager: http://localhost:3000/: Started at: 186792290
MyView34NetworkManager: http://localhost:3000/: Started at: 188193998
MyView35NetworkManager: http://localhost:3000/: Started at: 189622943
MyView36NetworkManager: http://localhost:3000/: Started at: 191019537
MyView37NetworkManager: http://localhost:3000/: Started at: 192290084
MyView38NetworkManager: http://localhost:3000/: Started at: 193240279
MyView39NetworkManager: http://localhost:3000/: Started at: 194089329
MyView40NetworkManager: http://localhost:3000/: Started at: 195353211
MyView41NetworkManager: http://localhost:3000/: Started at: 196649473
MyView42NetworkManager: http://localhost:3000/: Started at: 198060146
MyView43NetworkManager: http://localhost:3000/: Started at: 198962020
MyView44NetworkManager: http://localhost:3000/: Started at: 199959220
MyView45NetworkManager: http://localhost:3000/: Started at: 200891970
MyView46NetworkManager: http://localhost:3000/: Started at: 202024028
MyView47NetworkManager: http://localhost:3000/: Started at: 203293197
MyView48NetworkManager: http://localhost:3000/: Started at: 204399770
MyView49NetworkManager: http://localhost:3000/: Started at: 205542342
MyView50NetworkManager: http://localhost:3000/: Started at: 206657963
MyView51NetworkManager: http://localhost:3000/: Started at: 207890572
MyView52NetworkManager: http://localhost:3000/: Started at: 208990559
MyView53NetworkManager: http://localhost:3000/: Started at: 210484472
MyView54NetworkManager: http://localhost:3000/: Started at: 211938662
MyView55NetworkManager: http://localhost:3000/: Started at: 213483355
MyView56NetworkManager: http://localhost:3000/: Started at: 214994020
MyView57NetworkManager: http://localhost:3000/: Started at: 216465167
MyView58NetworkManager: http://localhost:3000/: Started at: 217656006
MyView59NetworkManager: http://localhost:3000/: Started at: 219188330
MyView60NetworkManager: http://localhost:3000/: Started at: 220639034
MyView61NetworkManager: http://localhost:3000/: Started at: 222135713
MyView62NetworkManager: http://localhost:3000/: Started at: 223700635
MyView63NetworkManager: http://localhost:3000/: Started at: 225190118
MyView64NetworkManager: http://localhost:3000/: Started at: 226634470
MyView65NetworkManager: http://localhost:3000/: Started at: 228039578
MyView66NetworkManager: http://localhost:3000/: Started at: 229560605
MyView67NetworkManager: http://localhost:3000/: Started at: 230987142
MyView68NetworkManager: http://localhost:3000/: Started at: 232404799
MyView69NetworkManager: http://localhost:3000/: Started at: 233972758
MyView70NetworkManager: http://localhost:3000/: Started at: 235378965
MyView71NetworkManager: http://localhost:3000/: Started at: 236829176
MyView72NetworkManager: http://localhost:3000/: Started at: 238205634
MyView73NetworkManager: http://localhost:3000/: Started at: 239591949
MyView74NetworkManager: http://localhost:3000/: Started at: 240968420
MyView75NetworkManager: http://localhost:3000/: Started at: 242601074
MyView76NetworkManager: http://localhost:3000/: Started at: 244152550
MyView77NetworkManager: http://localhost:3000/: Started at: 245594065
MyView78NetworkManager: http://localhost:3000/: Started at: 247207952
MyView79NetworkManager: http://localhost:3000/: Started at: 248735229
MyView80NetworkManager: http://localhost:3000/: Started at: 250247249
MyView81NetworkManager: http://localhost:3000/: Started at: 251816884
MyView82NetworkManager: http://localhost:3000/: Started at: 253482397
MyView83NetworkManager: http://localhost:3000/: Started at: 255069682
MyView84NetworkManager: http://localhost:3000/: Started at: 256728151
MyView85NetworkManager: http://localhost:3000/: Started at: 258442209
MyView86NetworkManager: http://localhost:3000/: Started at: 259952948
MyView87NetworkManager: http://localhost:3000/: Started at: 261640211
MyView88NetworkManager: http://localhost:3000/: Started at: 263318506
MyView89NetworkManager: http://localhost:3000/: Started at: 264891441
MyView90NetworkManager: http://localhost:3000/: Started at: 266113672
MyView91NetworkManager: http://localhost:3000/: Started at: 267358929
MyView92NetworkManager: http://localhost:3000/: Started at: 268540142
MyView93NetworkManager: http://localhost:3000/: Started at: 269723099
MyView94NetworkManager: http://localhost:3000/: Started at: 271019269
MyView95NetworkManager: http://localhost:3000/: Started at: 272290756
MyView96NetworkManager: http://localhost:3000/: Started at: 273617924
MyView97NetworkManager: http://localhost:3000/: Started at: 275165317
MyView98NetworkManager: http://localhost:3000/: Started at: 276529469
MyView99NetworkManager: http://localhost:3000/: Started at: 277757032
MyView100NetworkManager: http://localhost:3000/: Started at: 279114117
MyView101NetworkManager: http://localhost:3000/: Started at: 280432866
MyView102NetworkManager: http://localhost:3000/: Started at: 282022409
MyView103NetworkManager: http://localhost:3000/: Started at: 283349096
MyView104NetworkManager: http://localhost:3000/: Started at: 284405439
MyView105NetworkManager: http://localhost:3000/: Started at: 285489991
MyView106NetworkManager: http://localhost:3000/: Started at: 286757269
MyView107NetworkManager: http://localhost:3000/: Started at: 287834289
MyView108NetworkManager: http://localhost:3000/: Started at: 289003228
MyView109NetworkManager: http://localhost:3000/: Started at: 290294531
MyView110NetworkManager: http://localhost:3000/: Started at: 291563973
MyView111NetworkManager: http://localhost:3000/: Started at: 292682852
MyView112NetworkManager: http://localhost:3000/: Started at: 293865993
MyView113NetworkManager: http://localhost:3000/: Started at: 295040992
MyView114NetworkManager: http://localhost:3000/: Started at: 296255879
MyView115NetworkManager: http://localhost:3000/: Started at: 297585392
MyView116NetworkManager: http://localhost:3000/: Started at: 299057295
MyView117NetworkManager: http://localhost:3000/: Started at: 300758227
MyView118NetworkManager: http://localhost:3000/: Started at: 302220118
MyView119NetworkManager: http://localhost:3000/: Started at: 303359497
MyView120NetworkManager: http://localhost:3000/: Started at: 304466190
MyView121NetworkManager: http://localhost:3000/: Started at: 305656512
MyView122NetworkManager: http://localhost:3000/: Started at: 306996926
MyView123NetworkManager: http://localhost:3000/: Started at: 308171168
MyView124NetworkManager: http://localhost:3000/: Started at: 309506377
MyView125NetworkManager: http://localhost:3000/: Started at: 310708586
MyView126NetworkManager: http://localhost:3000/: Started at: 312010937
MyView127NetworkManager: http://localhost:3000/: Started at: 313227175
MyView128NetworkManager: http://localhost:3000/: Started at: 314385061
MyView129NetworkManager: http://localhost:3000/: Started at: 315618250
MyView130NetworkManager: http://localhost:3000/: Started at: 316918959
MyView131NetworkManager: http://localhost:3000/: Started at: 318079839
MyView132NetworkManager: http://localhost:3000/: Started at: 319301342
MyView133NetworkManager: http://localhost:3000/: Started at: 320577962
MyView134NetworkManager: http://localhost:3000/: Started at: 321886991
MyView135NetworkManager: http://localhost:3000/: Started at: 323222034
MyView136NetworkManager: http://localhost:3000/: Started at: 324535230
MyView137NetworkManager: http://localhost:3000/: Started at: 325783082
MyView138NetworkManager: http://localhost:3000/: Started at: 327095240
MyView139NetworkManager: http://localhost:3000/: Started at: 328290016
MyView140NetworkManager: http://localhost:3000/: Started at: 329495013
MyView141NetworkManager: http://localhost:3000/: Started at: 330777938
MyView142NetworkManager: http://localhost:3000/: Started at: 332130528
MyView143NetworkManager: http://localhost:3000/: Started at: 333377255
MyView144NetworkManager: http://localhost:3000/: Started at: 334614489
MyView145NetworkManager: http://localhost:3000/: Started at: 335850789
MyView146NetworkManager: http://localhost:3000/: Started at: 337095455
MyView147NetworkManager: http://localhost:3000/: Started at: 338466966
MyView148NetworkManager: http://localhost:3000/: Started at: 339788533
MyView149NetworkManager: http://localhost:3000/: Started at: 341018705
MyView0NetworkManager: http://localhost:3000/: Ended at: 386352666
MyView0NetworkManager: http://localhost:3000/: [0.809722]ms
MyView2NetworkManager: http://localhost:3000/: Ended at: 386699790
MyView2NetworkManager: http://localhost:3000/: [0.809722]ms
MyView1NetworkManager: http://localhost:3000/: Ended at: 441694897
MyView1NetworkManager: http://localhost:3000/: [0.809722]ms
MyView5NetworkManager: http://localhost:3000/: Ended at: 465548233
MyView5NetworkManager: http://localhost:3000/: [0.809722]ms
MyView4NetworkManager: http://localhost:3000/: Ended at: 537320159
MyView4NetworkManager: http://localhost:3000/: [0.809722]ms
MyView7NetworkManager: http://localhost:3000/: Ended at: 564342300
MyView7NetworkManager: http://localhost:3000/: [0.809722]ms
MyView3NetworkManager: http://localhost:3000/: Ended at: 648488887
MyView3NetworkManager: http://localhost:3000/: [0.809722]ms
MyView6NetworkManager: http://localhost:3000/: Ended at: 675226763
MyView6NetworkManager: http://localhost:3000/: [0.809722]ms
MyView10NetworkManager: http://localhost:3000/: Ended at: 760920003
MyView10NetworkManager: http://localhost:3000/: [0.809722]ms
MyView9NetworkManager: http://localhost:3000/: Ended at: 793327507
MyView9NetworkManager: http://localhost:3000/: [0.809722]ms
MyView11NetworkManager: http://localhost:3000/: Ended at: 874974670
MyView11NetworkManager: http://localhost:3000/: [0.809722]ms
MyView8NetworkManager: http://localhost:3000/: Ended at: 915738736
MyView8NetworkManager: http://localhost:3000/: [0.809722]ms
MyView13NetworkManager: http://localhost:3000/: Ended at: 2634609
MyView13NetworkManager: http://localhost:3000/: [0.809723]ms
MyView14NetworkManager: http://localhost:3000/: Ended at: 34113501
MyView14NetworkManager: http://localhost:3000/: [0.809723]ms
MyView12NetworkManager: http://localhost:3000/: Ended at: 108246443
MyView12NetworkManager: http://localhost:3000/: [0.809723]ms
MyView15NetworkManager: http://localhost:3000/: Ended at: 134881462
MyView15NetworkManager: http://localhost:3000/: [0.809723]ms
MyView24NetworkManager: http://localhost:3000/: Ended at: 228158989
MyView24NetworkManager: http://localhost:3000/: [0.809723]ms
MyView16NetworkManager: http://localhost:3000/: Ended at: 417501973
MyView16NetworkManager: http://localhost:3000/: [0.809723]ms
MyView23NetworkManager: http://localhost:3000/: Ended at: 489501761
MyView23NetworkManager: http://localhost:3000/: [0.809723]ms
MyView20NetworkManager: http://localhost:3000/: Ended at: 534746303
MyView20NetworkManager: http://localhost:3000/: [0.809723]ms
MyView17NetworkManager: http://localhost:3000/: Ended at: 609158413
MyView17NetworkManager: http://localhost:3000/: [0.809723]ms
MyView27NetworkManager: http://localhost:3000/: Ended at: 655125546
MyView27NetworkManager: http://localhost:3000/: [0.809723]ms
MyView26NetworkManager: http://localhost:3000/: Ended at: 739691425
MyView26NetworkManager: http://localhost:3000/: [0.809723]ms
MyView25NetworkManager: http://localhost:3000/: Ended at: 765633634
MyView25NetworkManager: http://localhost:3000/: [0.809723]ms
MyView40NetworkManager: http://localhost:3000/: Ended at: 850193111
MyView40NetworkManager: http://localhost:3000/: [0.809723]ms
MyView30NetworkManager: http://localhost:3000/: Ended at: 895871262
MyView30NetworkManager: http://localhost:3000/: [0.809723]ms
MyView28NetworkManager: http://localhost:3000/: Ended at: 969717122
MyView28NetworkManager: http://localhost:3000/: [0.809723]ms
MyView31NetworkManager: http://localhost:3000/: Ended at: 3852540
MyView31NetworkManager: http://localhost:3000/: [0.809724]ms
MyView29NetworkManager: http://localhost:3000/: Ended at: 81646746
MyView29NetworkManager: http://localhost:3000/: [0.809724]ms
MyView41NetworkManager: http://localhost:3000/: Ended at: 135552179
MyView41NetworkManager: http://localhost:3000/: [0.809724]ms
MyView45NetworkManager: http://localhost:3000/: Ended at: 215087911
MyView45NetworkManager: http://localhost:3000/: [0.809724]ms
MyView52NetworkManager: http://localhost:3000/: Ended at: 247239786
MyView52NetworkManager: http://localhost:3000/: [0.809724]ms
MyView44NetworkManager: http://localhost:3000/: Ended at: 336112244
MyView44NetworkManager: http://localhost:3000/: [0.809724]ms
MyView53NetworkManager: http://localhost:3000/: Ended at: 374210273
MyView53NetworkManager: http://localhost:3000/: [0.809724]ms
MyView50NetworkManager: http://localhost:3000/: Ended at: 450514818
MyView50NetworkManager: http://localhost:3000/: [0.809724]ms
MyView47NetworkManager: http://localhost:3000/: Ended at: 473898214
MyView47NetworkManager: http://localhost:3000/: [0.809724]ms
MyView51NetworkManager: http://localhost:3000/: Ended at: 553958313
MyView51NetworkManager: http://localhost:3000/: [0.809724]ms
MyView106NetworkManager: http://localhost:3000/: Ended at: 584421003
MyView106NetworkManager: http://localhost:3000/: [0.809724]ms
MyView107NetworkManager: http://localhost:3000/: Ended at: 664131979
MyView107NetworkManager: http://localhost:3000/: [0.809724]ms
MyView105NetworkManager: http://localhost:3000/: Ended at: 703759609
MyView105NetworkManager: http://localhost:3000/: [0.809724]ms
MyView108NetworkManager: http://localhost:3000/: Ended at: 784238915
MyView108NetworkManager: http://localhost:3000/: [0.809724]ms
MyView110NetworkManager: http://localhost:3000/: Ended at: 820258778
MyView110NetworkManager: http://localhost:3000/: [0.809724]ms
MyView111NetworkManager: http://localhost:3000/: Ended at: 907699874
MyView111NetworkManager: http://localhost:3000/: [0.809724]ms
MyView115NetworkManager: http://localhost:3000/: Ended at: 931148020
MyView115NetworkManager: http://localhost:3000/: [0.809724]ms
MyView109NetworkManager: http://localhost:3000/: Ended at: 11087979
MyView109NetworkManager: http://localhost:3000/: [0.809725]ms
MyView116NetworkManager: http://localhost:3000/: Ended at: 34536567
MyView116NetworkManager: http://localhost:3000/: [0.809725]ms
MyView112NetworkManager: http://localhost:3000/: Ended at: 111308667
MyView112NetworkManager: http://localhost:3000/: [0.809725]ms
MyView118NetworkManager: http://localhost:3000/: Ended at: 136156615
MyView118NetworkManager: http://localhost:3000/: [0.809725]ms
MyView120NetworkManager: http://localhost:3000/: Ended at: 171225250
MyView120NetworkManager: http://localhost:3000/: [0.809725]ms
MyView124NetworkManager: http://localhost:3000/: Ended at: 266187031
MyView124NetworkManager: http://localhost:3000/: [0.809725]ms
MyView121NetworkManager: http://localhost:3000/: Ended at: 384089635
MyView121NetworkManager: http://localhost:3000/: [0.809725]ms
MyView128NetworkManager: http://localhost:3000/: Ended at: 444048695
MyView128NetworkManager: http://localhost:3000/: [0.809725]ms
MyView126NetworkManager: http://localhost:3000/: Ended at: 528629226
MyView126NetworkManager: http://localhost:3000/: [0.809725]ms
MyView127NetworkManager: http://localhost:3000/: Ended at: 577519569
MyView127NetworkManager: http://localhost:3000/: [0.809725]ms
MyView129NetworkManager: http://localhost:3000/: Ended at: 601632153
MyView129NetworkManager: http://localhost:3000/: [0.809725]ms
MyView131NetworkManager: http://localhost:3000/: Ended at: 686440660
MyView131NetworkManager: http://localhost:3000/: [0.809725]ms
MyView139NetworkManager: http://localhost:3000/: Ended at: 719489318
MyView139NetworkManager: http://localhost:3000/: [0.809725]ms
MyView132NetworkManager: http://localhost:3000/: Ended at: 817670493
MyView132NetworkManager: http://localhost:3000/: [0.809725]ms
MyView130NetworkManager: http://localhost:3000/: Ended at: 847470635
MyView130NetworkManager: http://localhost:3000/: [0.809725]ms
MyView141NetworkManager: http://localhost:3000/: Ended at: 919322336
MyView141NetworkManager: http://localhost:3000/: [0.809725]ms
MyView142NetworkManager: http://localhost:3000/: Ended at: 953752962
MyView142NetworkManager: http://localhost:3000/: [0.809725]ms
MyView143NetworkManager: http://localhost:3000/: Ended at: 28064925
MyView143NetworkManager: http://localhost:3000/: [0.809726]ms
MyView145NetworkManager: http://localhost:3000/: Ended at: 54735557
MyView145NetworkManager: http://localhost:3000/: [0.809726]ms
MyView144NetworkManager: http://localhost:3000/: Ended at: 129733170
MyView144NetworkManager: http://localhost:3000/: [0.809726]ms
MyView148NetworkManager: http://localhost:3000/: Ended at: 160476843
MyView148NetworkManager: http://localhost:3000/: [0.809726]ms
MyView146NetworkManager: http://localhost:3000/: Ended at: 238553999
MyView146NetworkManager: http://localhost:3000/: [0.809726]ms
MyView149NetworkManager: http://localhost:3000/: Ended at: 268970692
MyView149NetworkManager: http://localhost:3000/: [0.809726]ms
MyView19NetworkManager: http://localhost:3000/: Ended at: 342870028
MyView19NetworkManager: http://localhost:3000/: [0.809726]ms
MyView18NetworkManager: http://localhost:3000/: Ended at: 383149982
MyView18NetworkManager: http://localhost:3000/: [0.809726]ms
MyView21NetworkManager: http://localhost:3000/: Ended at: 464506039
MyView21NetworkManager: http://localhost:3000/: [0.809726]ms
MyView22NetworkManager: http://localhost:3000/: Ended at: 489627898
MyView22NetworkManager: http://localhost:3000/: [0.809726]ms
MyView32NetworkManager: http://localhost:3000/: Ended at: 583172958
MyView32NetworkManager: http://localhost:3000/: [0.809726]ms
MyView33NetworkManager: http://localhost:3000/: Ended at: 620307038
MyView33NetworkManager: http://localhost:3000/: [0.809726]ms
MyView35NetworkManager: http://localhost:3000/: Ended at: 696232085
MyView35NetworkManager: http://localhost:3000/: [0.809726]ms
MyView38NetworkManager: http://localhost:3000/: Ended at: 721890870
MyView38NetworkManager: http://localhost:3000/: [0.809726]ms
MyView42NetworkManager: http://localhost:3000/: Ended at: 808603578
MyView42NetworkManager: http://localhost:3000/: [0.809726]ms
MyView34NetworkManager: http://localhost:3000/: Ended at: 846323311
MyView34NetworkManager: http://localhost:3000/: [0.809726]ms
MyView39NetworkManager: http://localhost:3000/: Ended at: 915458196
MyView39NetworkManager: http://localhost:3000/: [0.809726]ms
MyView43NetworkManager: http://localhost:3000/: Ended at: 956655371
MyView43NetworkManager: http://localhost:3000/: [0.809726]ms
MyView49NetworkManager: http://localhost:3000/: Ended at: 32116900
MyView49NetworkManager: http://localhost:3000/: [0.809727]ms
MyView46NetworkManager: http://localhost:3000/: Ended at: 155209566
MyView46NetworkManager: http://localhost:3000/: [0.809727]ms
MyView48NetworkManager: http://localhost:3000/: Ended at: 224531657
MyView48NetworkManager: http://localhost:3000/: [0.809727]ms
MyView54NetworkManager: http://localhost:3000/: Ended at: 250193912
MyView54NetworkManager: http://localhost:3000/: [0.809727]ms
MyView59NetworkManager: http://localhost:3000/: Ended at: 333728351
MyView59NetworkManager: http://localhost:3000/: [0.809727]ms
MyView58NetworkManager: http://localhost:3000/: Ended at: 363651169
MyView58NetworkManager: http://localhost:3000/: [0.809727]ms
MyView64NetworkManager: http://localhost:3000/: Ended at: 402242706
MyView64NetworkManager: http://localhost:3000/: [0.809727]ms
MyView60NetworkManager: http://localhost:3000/: Ended at: 484190626
MyView60NetworkManager: http://localhost:3000/: [0.809727]ms
MyView61NetworkManager: http://localhost:3000/: Ended at: 510586074
MyView61NetworkManager: http://localhost:3000/: [0.809727]ms
MyView63NetworkManager: http://localhost:3000/: Ended at: 582586383
MyView63NetworkManager: http://localhost:3000/: [0.809727]ms
MyView67NetworkManager: http://localhost:3000/: Ended at: 613210587
MyView67NetworkManager: http://localhost:3000/: [0.809727]ms
MyView66NetworkManager: http://localhost:3000/: Ended at: 701746168
MyView66NetworkManager: http://localhost:3000/: [0.809727]ms
MyView68NetworkManager: http://localhost:3000/: Ended at: 737930620
MyView68NetworkManager: http://localhost:3000/: [0.809727]ms
MyView114NetworkManager: http://localhost:3000/: Ended at: 830691747
MyView114NetworkManager: http://localhost:3000/: [0.809727]ms
MyView72NetworkManager: http://localhost:3000/: Ended at: 864393404
MyView72NetworkManager: http://localhost:3000/: [0.809727]ms
MyView113NetworkManager: http://localhost:3000/: Ended at: 951814505
MyView113NetworkManager: http://localhost:3000/: [0.809727]ms
MyView117NetworkManager: http://localhost:3000/: Ended at: 981910966
MyView117NetworkManager: http://localhost:3000/: [0.809727]ms
MyView119NetworkManager: http://localhost:3000/: Ended at: 70099643
MyView119NetworkManager: http://localhost:3000/: [0.809728]ms
MyView122NetworkManager: http://localhost:3000/: Ended at: 105232613
MyView122NetworkManager: http://localhost:3000/: [0.809728]ms
MyView123NetworkManager: http://localhost:3000/: Ended at: 182402546
MyView123NetworkManager: http://localhost:3000/: [0.809728]ms
MyView36NetworkManager: http://localhost:3000/: Ended at: 204861257
MyView36NetworkManager: http://localhost:3000/: [0.809728]ms
MyView37NetworkManager: http://localhost:3000/: Ended at: 289148528
MyView37NetworkManager: http://localhost:3000/: [0.809728]ms
MyView62NetworkManager: http://localhost:3000/: Ended at: 327381826
MyView62NetworkManager: http://localhost:3000/: [0.809728]ms
MyView65NetworkManager: http://localhost:3000/: Ended at: 400912588
MyView65NetworkManager: http://localhost:3000/: [0.809728]ms
MyView73NetworkManager: http://localhost:3000/: Ended at: 431344350
MyView73NetworkManager: http://localhost:3000/: [0.809728]ms
MyView56NetworkManager: http://localhost:3000/: Ended at: 508514553
MyView56NetworkManager: http://localhost:3000/: [0.809728]ms
MyView57NetworkManager: http://localhost:3000/: Ended at: 534426773
MyView57NetworkManager: http://localhost:3000/: [0.809728]ms
MyView55NetworkManager: http://localhost:3000/: Ended at: 610157522
MyView55NetworkManager: http://localhost:3000/: [0.809728]ms
MyView69NetworkManager: http://localhost:3000/: Ended at: 648360850
MyView69NetworkManager: http://localhost:3000/: [0.809728]ms
MyView70NetworkManager: http://localhost:3000/: Ended at: 736114243
MyView70NetworkManager: http://localhost:3000/: [0.809728]ms
MyView74NetworkManager: http://localhost:3000/: Ended at: 768040790
MyView74NetworkManager: http://localhost:3000/: [0.809728]ms
MyView75NetworkManager: http://localhost:3000/: Ended at: 853398694
MyView75NetworkManager: http://localhost:3000/: [0.809728]ms
MyView71NetworkManager: http://localhost:3000/: Ended at: 888407124
MyView71NetworkManager: http://localhost:3000/: [0.809728]ms
MyView76NetworkManager: http://localhost:3000/: Ended at: 958999909
MyView76NetworkManager: http://localhost:3000/: [0.809728]ms
MyView78NetworkManager: http://localhost:3000/: Ended at: 992163686
MyView78NetworkManager: http://localhost:3000/: [0.809728]ms
MyView77NetworkManager: http://localhost:3000/: Ended at: 67803868
MyView77NetworkManager: http://localhost:3000/: [0.809729]ms
MyView0NetworkManager: http://localhost:3000/assets/generic.css?body=1: Started at: 68109642
MyView79NetworkManager: http://localhost:3000/: Ended at: 107957759
MyView79NetworkManager: http://localhost:3000/: [0.809729]ms
MyView0NetworkManager: http://localhost:3000/assets/workstation.css?body=1: Started at: 108312527
MyView86NetworkManager: http://localhost:3000/: Ended at: 153032269
MyView86NetworkManager: http://localhost:3000/: [0.809729]ms
MyView0NetworkManager: http://localhost:3000/assets/home.css?body=1: Started at: 153268564
MyView84NetworkManager: http://localhost:3000/: Ended at: 226586134
MyView84NetworkManager: http://localhost:3000/: [0.809729]ms
MyView0NetworkManager: http://localhost:3000/assets/jquery.js?body=1: Started at: 226793818
MyView83NetworkManager: http://localhost:3000/: Ended at: 270951699
MyView83NetworkManager: http://localhost:3000/: [0.809729]ms
MyView0NetworkManager: http://localhost:3000/assets/jquery-ui.js?body=1: Started at: 271168849
MyView85NetworkManager: http://localhost:3000/: Ended at: 392418077
MyView85NetworkManager: http://localhost:3000/: [0.809729]ms
MyView0NetworkManager: http://localhost:3000/assets/jquery_ujs.js?body=1: Started at: 392652368
MyView82NetworkManager: http://localhost:3000/: Ended at: 426626405
MyView82NetworkManager: http://localhost:3000/: [0.809729]ms
MyView0NetworkManager: http://localhost:3000/assets/sprintf.js?body=1: Started at: 426923223
MyView87NetworkManager: http://localhost:3000/: Ended at: 503860119
MyView87NetworkManager: http://localhost:3000/: [0.809729]ms
MyView0NetworkManager: http://localhost:3000/assets/genericjs.js?body=1: Started at: 504110517
MyView96NetworkManager: http://localhost:3000/: Ended at: 529267893
MyView96NetworkManager: http://localhost:3000/: [0.809729]ms
MyView0NetworkManager: http://localhost:3000/assets/generic.js?body=1: Started at: 529486425
MyView88NetworkManager: http://localhost:3000/: Ended at: 615243260
MyView88NetworkManager: http://localhost:3000/: [0.809729]ms
MyView0NetworkManager: http://localhost:3000/assets/math.js?body=1: Started at: 615514485
MyView99NetworkManager: http://localhost:3000/: Ended at: 646240917
MyView99NetworkManager: http://localhost:3000/: [0.809729]ms
MyView0NetworkManager: http://localhost:3000/assets/camera.js?body=1: Started at: 646501258
MyView100NetworkManager: http://localhost:3000/: Ended at: 728413403
MyView100NetworkManager: http://localhost:3000/: [0.809729]ms
MyView0NetworkManager: http://localhost:3000/assets/cutecredit.js?body=1: Started at: 728740616
MyView97NetworkManager: http://localhost:3000/: Ended at: 774956023
MyView97NetworkManager: http://localhost:3000/: [0.809729]ms
MyView0NetworkManager: http://localhost:3000/assets/debug.js?body=1: Started at: 775244638
MyView101NetworkManager: http://localhost:3000/: Ended at: 851907882
MyView101NetworkManager: http://localhost:3000/: [0.809729]ms
MyView0NetworkManager: http://localhost:3000/assets/documentready.js?body=1: Started at: 852167485
MyView102NetworkManager: http://localhost:3000/: Ended at: 884631528
MyView102NetworkManager: http://localhost:3000/: [0.809729]ms
MyView0NetworkManager: http://localhost:3000/assets/focus.js?body=1: Started at: 884908150
MyView125NetworkManager: http://localhost:3000/: Ended at: 966911593
MyView125NetworkManager: http://localhost:3000/: [0.809729]ms
MyView0NetworkManager: http://localhost:3000/assets/helpers.js?body=1: Started at: 967194140
MyView133NetworkManager: http://localhost:3000/: Ended at: 999421401
MyView133NetworkManager: http://localhost:3000/: [0.809729]ms
MyView0NetworkManager: http://localhost:3000/assets/inplace_edit.js?body=1: Started at: 999749996
MyView134NetworkManager: http://localhost:3000/: Ended at: 78969276
MyView134NetworkManager: http://localhost:3000/: [0.80973]ms
MyView0NetworkManager: http://localhost:3000/assets/keypress.js?body=1: Started at: 79353806
MyView81NetworkManager: http://localhost:3000/: Ended at: 100681206
MyView81NetworkManager: http://localhost:3000/: [0.80973]ms
MyView0NetworkManager: http://localhost:3000/assets/onscreenkeyboard.js?body=1: Started at: 101009647
MyView80NetworkManager: http://localhost:3000/: Ended at: 184021347
MyView80NetworkManager: http://localhost:3000/: [0.80973]ms
MyView0NetworkManager: http://localhost:3000/assets/salor_bin.js?body=1: Started at: 184359419
MyView103NetworkManager: http://localhost:3000/: Ended at: 212488336
MyView103NetworkManager: http://localhost:3000/: [0.80973]ms
MyView0NetworkManager: http://localhost:3000/assets/style.js?body=1: Started at: 212834507
MyView98NetworkManager: http://localhost:3000/: Ended at: 293404321
MyView98NetworkManager: http://localhost:3000/: [0.80973]ms
MyView0NetworkManager: http://localhost:3000/assets/shared.js?body=1: Started at: 293721024
MyView135NetworkManager: http://localhost:3000/: Ended at: 335167899
MyView135NetworkManager: http://localhost:3000/: [0.80973]ms
MyView0NetworkManager: http://localhost:3000/assets/application.js?body=1: Started at: 335451183
MyView136NetworkManager: http://localhost:3000/: Ended at: 417214112
MyView136NetworkManager: http://localhost:3000/: [0.80973]ms
MyView0NetworkManager: http://localhost:3000/assets/generic.css?body=1: Ended at: 417466395
MyView0NetworkManager: http://localhost:3000/assets/generic.css?body=1: [0.80973]ms
MyView0NetworkManager: http://localhost:3000/assets/jquery.keyboard.js?body=1: Started at: 421327304
MyView0NetworkManager: http://localhost:3000/assets/workstation.css?body=1: Ended at: 421716287
MyView0NetworkManager: http://localhost:3000/assets/workstation.css?body=1: [0.80973]ms
MyView0NetworkManager: http://localhost:3000/assets/workstation.js?body=1: Started at: 150907482
MyView0NetworkManager: http://localhost:3000/assets/home.css?body=1: Ended at: 151584039
MyView0NetworkManager: http://localhost:3000/assets/home.css?body=1: [0.809731]ms
MyView0NetworkManager: http://localhost:3000/assets/jquery.checkbox.js?body=1: Started at: 189197784
MyView0NetworkManager: http://localhost:3000/assets/jquery.js?body=1: Ended at: 189845231
MyView0NetworkManager: http://localhost:3000/assets/jquery.js?body=1: [0.809731]ms
MyView0NetworkManager: http://localhost:3000/assets/home.js?body=1: Started at: 970401474
MyView90NetworkManager: http://localhost:3000/assets/generic.css?body=1: Started at: 138516676
MyView90NetworkManager: http://localhost:3000/: Ended at: 147826968
MyView90NetworkManager: http://localhost:3000/: [0.809732]ms
MyView0NetworkManager: http://localhost:3000/assets/jquery-ui.js?body=1: Ended at: 148059704
MyView0NetworkManager: http://localhost:3000/assets/jquery-ui.js?body=1: [0.809732]ms
MyView90NetworkManager: http://localhost:3000/assets/workstation.css?body=1: Started at: 242652335
MyView89NetworkManager: http://localhost:3000/: Ended at: 243128022
MyView89NetworkManager: http://localhost:3000/: [0.809733]ms
MyView92NetworkManager: http://localhost:3000/: Ended at: 243418886
MyView92NetworkManager: http://localhost:3000/: [0.809733]ms
MyView93NetworkManager: http://localhost:3000/: Ended at: 243671248
MyView93NetworkManager: http://localhost:3000/: [0.809733]ms
MyView91NetworkManager: http://localhost:3000/: Ended at: 243957006
MyView91NetworkManager: http://localhost:3000/: [0.809733]ms
MyView140NetworkManager: http://localhost:3000/: Ended at: 244205771
MyView140NetworkManager: http://localhost:3000/: [0.809733]ms
MyView137NetworkManager: http://localhost:3000/: Ended at: 244707312
MyView137NetworkManager: http://localhost:3000/: [0.809733]ms
MyView138NetworkManager: http://localhost:3000/: Ended at: 244987828
MyView138NetworkManager: http://localhost:3000/: [0.809733]ms
MyView147NetworkManager: http://localhost:3000/: Ended at: 245260889
MyView147NetworkManager: http://localhost:3000/: [0.809733]ms
MyView0NetworkManager: http://localhost:3000/assets/jquery_ujs.js?body=1: Ended at: 245599154
MyView0NetworkManager: http://localhost:3000/assets/jquery_ujs.js?body=1: [0.809733]ms
MyView90NetworkManager: http://localhost:3000/assets/home.css?body=1: Started at: 245792366
MyView90NetworkManager: http://localhost:3000/assets/jquery.js?body=1: Started at: 246096374
MyView95NetworkManager: http://localhost:3000/: Ended at: 246396411
MyView95NetworkManager: http://localhost:3000/: [0.809733]ms
MyView94NetworkManager: http://localhost:3000/: Ended at: 246644026
MyView94NetworkManager: http://localhost:3000/: [0.809733]ms
MyView0NetworkManager: http://localhost:3000/assets/sprintf.js?body=1: Ended at: 246907444
MyView0NetworkManager: http://localhost:3000/assets/sprintf.js?body=1: [0.809733]ms
MyView0NetworkManager: http://localhost:3000/assets/genericjs.js?body=1: Ended at: 247155246
MyView0NetworkManager: http://localhost:3000/assets/genericjs.js?body=1: [0.809733]ms
MyView0NetworkManager: http://localhost:3000/assets/generic.js?body=1: Ended at: 247379831
MyView0NetworkManager: http://localhost:3000/assets/generic.js?body=1: [0.809733]ms
MyView0NetworkManager: http://localhost:3000/assets/math.js?body=1: Ended at: 247596052
MyView0NetworkManager: http://localhost:3000/assets/math.js?body=1: [0.809733]ms
MyView0NetworkManager: http://localhost:3000/assets/camera.js?body=1: Ended at: 247824407
MyView0NetworkManager: http://localhost:3000/assets/camera.js?body=1: [0.809733]ms
MyView0NetworkManager: http://localhost:3000/assets/cutecredit.js?body=1: Ended at: 248041489
MyView0NetworkManager: http://localhost:3000/assets/cutecredit.js?body=1: [0.809733]ms
MyView0NetworkManager: http://localhost:3000/assets/debug.js?body=1: Ended at: 248256438
MyView0NetworkManager: http://localhost:3000/assets/debug.js?body=1: [0.809733]ms
MyView0NetworkManager: http://localhost:3000/assets/documentready.js?body=1: Ended at: 248467543
MyView0NetworkManager: http://localhost:3000/assets/documentready.js?body=1: [0.809733]ms
MyView0NetworkManager: http://localhost:3000/assets/focus.js?body=1: Ended at: 248678848
MyView0NetworkManager: http://localhost:3000/assets/focus.js?body=1: [0.809733]ms
MyView0NetworkManager: http://localhost:3000/assets/helpers.js?body=1: Ended at: 248890086
MyView0NetworkManager: http://localhost:3000/assets/helpers.js?body=1: [0.809733]ms
MyView0NetworkManager: http://localhost:3000/assets/inplace_edit.js?body=1: Ended at: 249116329
MyView0NetworkManager: http://localhost:3000/assets/inplace_edit.js?body=1: [0.809733]ms
MyView0NetworkManager: http://localhost:3000/assets/keypress.js?body=1: Ended at: 249356657
MyView0NetworkManager: http://localhost:3000/assets/keypress.js?body=1: [0.809733]ms
MyView0NetworkManager: http://localhost:3000/assets/onscreenkeyboard.js?body=1: Ended at: 249613452
MyView0NetworkManager: http://localhost:3000/assets/onscreenkeyboard.js?body=1: [0.809733]ms
MyView0NetworkManager: http://localhost:3000/assets/salor_bin.js?body=1: Ended at: 249850348
MyView0NetworkManager: http://localhost:3000/assets/salor_bin.js?body=1: [0.809733]ms
MyView0NetworkManager: http://localhost:3000/assets/style.js?body=1: Ended at: 250084190
MyView0NetworkManager: http://localhost:3000/assets/style.js?body=1: [0.809733]ms
MyView0NetworkManager: http://localhost:3000/assets/shared.js?body=1: Ended at: 250289206
MyView0NetworkManager: http://localhost:3000/assets/shared.js?body=1: [0.809733]ms
MyView0NetworkManager: http://localhost:3000/assets/application.js?body=1: Ended at: 250505687
MyView0NetworkManager: http://localhost:3000/assets/application.js?body=1: [0.809733]ms
MyView0NetworkManager: http://localhost:3000/assets/jquery.keyboard.js?body=1: Ended at: 250715913
MyView0NetworkManager: http://localhost:3000/assets/jquery.keyboard.js?body=1: [0.809733]ms
MyView0NetworkManager: http://localhost:3000/assets/workstation.js?body=1: Ended at: 250950625
MyView0NetworkManager: http://localhost:3000/assets/workstation.js?body=1: [0.809733]ms
MyView0NetworkManager: http://localhost:3000/assets/jquery.checkbox.js?body=1: Ended at: 251163219
MyView0NetworkManager: http://localhost:3000/assets/jquery.checkbox.js?body=1: [0.809733]ms
MyView0NetworkManager: http://localhost:3000/assets/home.js?body=1: Ended at: 304508555
MyView0NetworkManager: http://localhost:3000/assets/home.js?body=1: [0.809733]ms
MyView90NetworkManager: http://localhost:3000/assets/generic.css?body=1: Ended at: 310209589
MyView90NetworkManager: http://localhost:3000/assets/generic.css?body=1: [0.809733]ms
MyView90NetworkManager: http://localhost:3000/assets/workstation.css?body=1: Ended at: 362697680
MyView90NetworkManager: http://localhost:3000/assets/workstation.css?body=1: [0.809733]ms
MyView90NetworkManager: http://localhost:3000/assets/jquery.js?body=1: Ended at: 418726688
MyView90NetworkManager: http://localhost:3000/assets/jquery.js?body=1: [0.809733]ms
MyView90NetworkManager: http://localhost:3000/assets/home.css?body=1: Ended at: 419066522
MyView90NetworkManager: http://localhost:3000/assets/home.css?body=1: [0.809733]ms
MyView144NetworkManager: http://localhost:3000/images/salor-logo-reports.png: Started at: 754220612
MyView144NetworkManager: http://localhost:3000/images/alert-overlay.png: Started at: 754810720
MyView144NetworkManager: http://localhost:3000/images/salor-logo-reports.png: Ended at: 843320004
MyView144NetworkManager: http://localhost:3000/images/salor-logo-reports.png: [0.809734]ms
MyView144NetworkManager: http://localhost:3000/images/alert-overlay.png: Ended at: 844279712
MyView144NetworkManager: http://localhost:3000/images/alert-overlay.png: [0.809734]ms
MyView104NetworkManager: http://localhost:3000/assets/generic.css?body=1: Started at: 386268260
MyView104NetworkManager: http://localhost:3000/assets/workstation.css?body=1: Started at: 386788614
MyView104NetworkManager: http://localhost:3000/assets/home.css?body=1: Started at: 387277596
MyView104NetworkManager: http://localhost:3000/assets/jquery.js?body=1: Started at: 387690055
MyView104NetworkManager: http://localhost:3000/: Ended at: 388738506
MyView104NetworkManager: http://localhost:3000/: [0.809737]ms
MyView104NetworkManager: http://localhost:3000/assets/generic.css?body=1: Ended at: 397648390
MyView104NetworkManager: http://localhost:3000/assets/generic.css?body=1: [0.809737]ms
MyView104NetworkManager: http://localhost:3000/assets/home.css?body=1: Ended at: 405272711
MyView104NetworkManager: http://localhost:3000/assets/home.css?body=1: [0.809737]ms
MyView104NetworkManager: http://localhost:3000/assets/workstation.css?body=1: Ended at: 417417604
MyView104NetworkManager: http://localhost:3000/assets/workstation.css?body=1: [0.809737]ms
MyView104NetworkManager: http://localhost:3000/assets/jquery.js?body=1: Ended at: 437160300
MyView104NetworkManager: http://localhost:3000/assets/jquery.js?body=1: [0.809737]ms
MyView0NetworkManager: http://localhost:3000/assets/print.css?body=1: Started at: 478226078
MyView0NetworkManager: http://localhost:3000/assets/print.css?body=1: Ended at: 486175477
MyView0NetworkManager: http://localhost:3000/assets/print.css?body=1: [0.809737]ms
